app/build/outputs/apk/manifest-merger-debug-report.txt
-- Merging decision tree log ---
manifest
ADDED from AndroidManifest.xml:2:1
	package
		ADDED from AndroidManifest.xml:3:5
		INJECTED from AndroidManifest.xml:0:0
		INJECTED from AndroidManifest.xml:0:0
	android:versionName
		ADDED from AndroidManifest.xml:5:5
	android:versionCode
		ADDED from AndroidManifest.xml:4:5
		INJECTED from AndroidManifest.xml:0:0
		INJECTED from AndroidManifest.xml:0:0
	xmlns:android
		ADDED from AndroidManifest.xml:2:11
uses-sdk
ADDED from AndroidManifest.xml:7:5
	android:targetSdkVersion
		ADDED from AndroidManifest.xml:9:9
		INJECTED from AndroidManifest.xml:0:0
		INJECTED from AndroidManifest.xml:0:0
	android:minSdkVersion
		ADDED from AndroidManifest.xml:8:9
		INJECTED from AndroidManifest.xml:0:0
		INJECTED from AndroidManifest.xml:0:0
uses-permission#android.permission.GET_ACCOUNTS
ADDED from AndroidManifest.xml:11:5
	android:name
		ADDED from AndroidManifest.xml:11:22
uses-permission#android.permission.ACCESS_COARSE_LOCATION
ADDED from AndroidManifest.xml:12:5
	android:name
		ADDED from AndroidManifest.xml:12:22
uses-permission#android.permission.ACCESS_FINE_LOCATION
ADDED from AndroidManifest.xml:13:5
	android:name
		ADDED from AndroidManifest.xml:13:22
uses-permission#android.permission.WRITE_EXTERNAL_STORAGE
ADDED from AndroidManifest.xml:15:5
	android:name
		ADDED from AndroidManifest.xml:15:22
uses-permission#android.permission.CAMERA
ADDED from AndroidManifest.xml:16:5
	android:name
		ADDED from AndroidManifest.xml:16:22
uses-permission#android.permission.INTERNET
ADDED from AndroidManifest.xml:18:5
	android:name
		ADDED from AndroidManifest.xml:18:22
uses-permission#android.permission.RECEIVE_BOOT_COMPLETED
ADDED from AndroidManifest.xml:19:5
	android:name
		ADDED from AndroidManifest.xml:19:22
uses-permission#com.google.android.glass.permission.DEVELOPMENT
ADDED from AndroidManifest.xml:20:5
	android:name
		ADDED from AndroidManifest.xml:20:22
uses-permission#android.permission.READ_PHONE_STATE
ADDED from AndroidManifest.xml:21:5
	android:name
		ADDED from AndroidManifest.xml:21:22
uses-feature#android.hardware.camera
ADDED from AndroidManifest.xml:23:5
	android:required
		ADDED from AndroidManifest.xml:25:9
	android:name
		ADDED from AndroidManifest.xml:24:9
uses-feature#android.hardware.camera.autofocus
ADDED from AndroidManifest.xml:26:5
	android:required
		ADDED from AndroidManifest.xml:28:9
	android:name
		ADDED from AndroidManifest.xml:27:9
application
ADDED from AndroidManifest.xml:30:5
	android:label
		ADDED from AndroidManifest.xml:34:9
	android:allowBackup
		ADDED from AndroidManifest.xml:32:9
	android:icon
		ADDED from AndroidManifest.xml:33:9
	android:name
		ADDED from AndroidManifest.xml:31:9
uses-library#com.google.android.glass
ADDED from AndroidManifest.xml:35:9
	android:required
		ADDED from AndroidManifest.xml:37:13
	android:name
		ADDED from AndroidManifest.xml:36:13
service#com.ozcanlab.startup.StartupService
ADDED from AndroidManifest.xml:39:9
	android:enabled
		ADDED from AndroidManifest.xml:41:13
	android:exported
		ADDED from AndroidManifest.xml:42:13
	android:name
		ADDED from AndroidManifest.xml:40:13
intent-filter#com.google.android.glass.action.VOICE_TRIGGER
ADDED from AndroidManifest.xml:43:13
action#com.google.android.glass.action.VOICE_TRIGGER
ADDED from AndroidManifest.xml:44:17
	android:name
		ADDED from AndroidManifest.xml:44:25
meta-data#com.google.android.glass.VoiceTrigger
ADDED from AndroidManifest.xml:47:13
	android:resource
		ADDED from AndroidManifest.xml:49:17
	android:name
		ADDED from AndroidManifest.xml:48:17
activity#com.ozcanlab.activities.CameraActivity
ADDED from AndroidManifest.xml:52:9
	android:screenOrientation
		ADDED from AndroidManifest.xml:55:13
	android:label
		ADDED from AndroidManifest.xml:54:13
	android:windowSoftInputMode
		ADDED from AndroidManifest.xml:57:13
	android:theme
		ADDED from AndroidManifest.xml:56:13
	android:name
		ADDED from AndroidManifest.xml:53:13
activity#com.ozcanlab.activities.PlantImagerActivity
ADDED from AndroidManifest.xml:66:9
	android:screenOrientation
		ADDED from AndroidManifest.xml:69:13
	android:label
		ADDED from AndroidManifest.xml:68:13
	android:windowSoftInputMode
		ADDED from AndroidManifest.xml:71:13
	android:theme
		ADDED from AndroidManifest.xml:70:13
	android:name
		ADDED from AndroidManifest.xml:67:13
activity#com.ozcanlab.activities.ImagerActivity
ADDED from AndroidManifest.xml:80:9
	android:screenOrientation
		ADDED from AndroidManifest.xml:83:13
	android:label
		ADDED from AndroidManifest.xml:82:13
	android:windowSoftInputMode
		ADDED from AndroidManifest.xml:85:13
	android:theme
		ADDED from AndroidManifest.xml:84:13
	android:name
		ADDED from AndroidManifest.xml:81:13
activity#com.ozcanlab.startup.MenuActivity
ADDED from AndroidManifest.xml:128:9
	android:label
		ADDED from AndroidManifest.xml:130:13
	android:name
		ADDED from AndroidManifest.xml:129:13
activity#com.ozcanlab.activities.StartPlant
ADDED from AndroidManifest.xml:132:9
	android:label
		ADDED from AndroidManifest.xml:134:13
	android:name
		ADDED from AndroidManifest.xml:133:13
activity#com.ozcanlab.activities.ConfirmPlantActivity
ADDED from AndroidManifest.xml:136:9
	android:label
		ADDED from AndroidManifest.xml:138:13
	android:name
		ADDED from AndroidManifest.xml:137:13